cp: ‘/projects/adapt_lab/shared/ADS/data/BIDS_data/derivatives/freesurfer/sub-ADS1915/surf/lh.sphere.reg’ and ‘/gpfs/projects/adapt_lab/shared/ADS/data/BIDS_data/derivatives/freesurfer/masks/sub-ADS1915//tmpFsDir/sub-ADS1915//surf/lh.sphere.reg’ are the same file
cp: ‘/projects/adapt_lab/shared/ADS/data/BIDS_data/derivatives/freesurfer/sub-ADS1915/surf/rh.sphere.reg’ and ‘/gpfs/projects/adapt_lab/shared/ADS/data/BIDS_data/derivatives/freesurfer/masks/sub-ADS1915//tmpFsDir/sub-ADS1915//surf/rh.sphere.reg’ are the same file
cp: ‘/projects/adapt_lab/shared/ADS/data/BIDS_data/derivatives/freesurfer/sub-ADS1915/surf/lh.white’ and ‘/gpfs/projects/adapt_lab/shared/ADS/data/BIDS_data/derivatives/freesurfer/masks/sub-ADS1915//tmpFsDir/sub-ADS1915//surf/lh.white’ are the same file
cp: ‘/projects/adapt_lab/shared/ADS/data/BIDS_data/derivatives/freesurfer/sub-ADS1915/surf/rh.white’ and ‘/gpfs/projects/adapt_lab/shared/ADS/data/BIDS_data/derivatives/freesurfer/masks/sub-ADS1915//tmpFsDir/sub-ADS1915//surf/rh.white’ are the same file
cp: ‘/projects/adapt_lab/shared/ADS/data/BIDS_data/derivatives/freesurfer/sub-ADS1915/surf/lh.pial’ and ‘/gpfs/projects/adapt_lab/shared/ADS/data/BIDS_data/derivatives/freesurfer/masks/sub-ADS1915//tmpFsDir/sub-ADS1915//surf/lh.pial’ are the same file
cp: ‘/projects/adapt_lab/shared/ADS/data/BIDS_data/derivatives/freesurfer/sub-ADS1915/surf/rh.pial’ and ‘/gpfs/projects/adapt_lab/shared/ADS/data/BIDS_data/derivatives/freesurfer/masks/sub-ADS1915//tmpFsDir/sub-ADS1915//surf/rh.pial’ are the same file
cp: ‘/projects/adapt_lab/shared/ADS/data/BIDS_data/derivatives/freesurfer/sub-ADS1915/surf/lh.smoothwm’ and ‘/gpfs/projects/adapt_lab/shared/ADS/data/BIDS_data/derivatives/freesurfer/masks/sub-ADS1915//tmpFsDir/sub-ADS1915//surf/lh.smoothwm’ are the same file
cp: ‘/projects/adapt_lab/shared/ADS/data/BIDS_data/derivatives/freesurfer/sub-ADS1915/surf/rh.smoothwm’ and ‘/gpfs/projects/adapt_lab/shared/ADS/data/BIDS_data/derivatives/freesurfer/masks/sub-ADS1915//tmpFsDir/sub-ADS1915//surf/rh.smoothwm’ are the same file
cp: ‘/projects/adapt_lab/shared/ADS/data/BIDS_data/derivatives/freesurfer/sub-ADS1915/surf/lh.sulc’ and ‘/gpfs/projects/adapt_lab/shared/ADS/data/BIDS_data/derivatives/freesurfer/masks/sub-ADS1915//tmpFsDir/sub-ADS1915//surf/lh.sulc’ are the same file
cp: ‘/projects/adapt_lab/shared/ADS/data/BIDS_data/derivatives/freesurfer/sub-ADS1915/surf/rh.sulc’ and ‘/gpfs/projects/adapt_lab/shared/ADS/data/BIDS_data/derivatives/freesurfer/masks/sub-ADS1915//tmpFsDir/sub-ADS1915//surf/rh.sulc’ are the same file
cp: ‘/projects/adapt_lab/shared/ADS/data/BIDS_data/derivatives/freesurfer/sub-ADS1915/surf/lh.thickness’ and ‘/gpfs/projects/adapt_lab/shared/ADS/data/BIDS_data/derivatives/freesurfer/masks/sub-ADS1915//tmpFsDir/sub-ADS1915//surf/lh.thickness’ are the same file
cp: ‘/projects/adapt_lab/shared/ADS/data/BIDS_data/derivatives/freesurfer/sub-ADS1915/surf/rh.thickness’ and ‘/gpfs/projects/adapt_lab/shared/ADS/data/BIDS_data/derivatives/freesurfer/masks/sub-ADS1915//tmpFsDir/sub-ADS1915//surf/rh.thickness’ are the same file
cp: ‘/projects/adapt_lab/shared/ADS/data/BIDS_data/derivatives/freesurfer/sub-ADS1915/label/lh.cortex.label’ and ‘/gpfs/projects/adapt_lab/shared/ADS/data/BIDS_data/derivatives/freesurfer/masks/sub-ADS1915//tmpFsDir/sub-ADS1915//label/lh.cortex.label’ are the same file
cp: ‘/projects/adapt_lab/shared/ADS/data/BIDS_data/derivatives/freesurfer/sub-ADS1915/label/rh.cortex.label’ and ‘/gpfs/projects/adapt_lab/shared/ADS/data/BIDS_data/derivatives/freesurfer/masks/sub-ADS1915//tmpFsDir/sub-ADS1915//label/rh.cortex.label’ are the same file
cp: ‘/projects/adapt_lab/shared/ADS/data/BIDS_data/derivatives/freesurfer/sub-ADS1915/mri/aseg.mgz’ and ‘/gpfs/projects/adapt_lab/shared/ADS/data/BIDS_data/derivatives/freesurfer/masks/sub-ADS1915//tmpFsDir/sub-ADS1915//mri/aseg.mgz’ are the same file
cp: ‘/projects/adapt_lab/shared/ADS/data/BIDS_data/derivatives/freesurfer/sub-ADS1915/mri/ribbon.mgz’ and ‘/gpfs/projects/adapt_lab/shared/ADS/data/BIDS_data/derivatives/freesurfer/masks/sub-ADS1915//tmpFsDir/sub-ADS1915//mri/ribbon.mgz’ are the same file
cp: ‘/projects/adapt_lab/shared/ADS/data/BIDS_data/derivatives/freesurfer/sub-ADS1915/mri/rawavg.mgz’ and ‘/gpfs/projects/adapt_lab/shared/ADS/data/BIDS_data/derivatives/freesurfer/masks/sub-ADS1915//tmpFsDir/sub-ADS1915//mri/rawavg.mgz’ are the same file
setting seed for random number generator to 1234
setting seed for random number generator to 1234
ln: failed to create symbolic link ‘/gpfs/projects/adapt_lab/shared/ADS/data/BIDS_data/derivatives/freesurfer/masks/sub-ADS1915//tmpFsDir/sub-ADS1915//label/lh.schaefer100-yeo17.annot’: File exists
ln: failed to create symbolic link ‘/gpfs/projects/adapt_lab/shared/ADS/data/BIDS_data/derivatives/freesurfer/masks/sub-ADS1915//tmpFsDir/sub-ADS1915//label/rh.schaefer100-yeo17.annot’: File exists
ln: failed to create symbolic link ‘/gpfs/projects/adapt_lab/shared/ADS/data/BIDS_data/derivatives/freesurfer/masks/sub-ADS1915//schaefer100-yeo17/LUT_schaefer100-yeo17.txt’: File exists
reading colortable from annotation file...
colortable with 52 entries read (originally /N/u/jfaskowi/Karst/scripts/multiAtlasTT/atlas_data//schaefer100-yeo17/lh.schaefer100-yeo17_colortab.txt)
reading colortable from annotation file...
colortable with 52 entries read (originally /N/u/jfaskowi/Karst/scripts/multiAtlasTT/atlas_data//schaefer100-yeo17/rh.schaefer100-yeo17_colortab.txt)
setting seed for random number generator to 1234
setting seed for random number generator to 1234
ln: failed to create symbolic link ‘/gpfs/projects/adapt_lab/shared/ADS/data/BIDS_data/derivatives/freesurfer/masks/sub-ADS1915//tmpFsDir/sub-ADS1915//label/lh.schaefer200-yeo17.annot’: File exists
ln: failed to create symbolic link ‘/gpfs/projects/adapt_lab/shared/ADS/data/BIDS_data/derivatives/freesurfer/masks/sub-ADS1915//tmpFsDir/sub-ADS1915//label/rh.schaefer200-yeo17.annot’: File exists
ln: failed to create symbolic link ‘/gpfs/projects/adapt_lab/shared/ADS/data/BIDS_data/derivatives/freesurfer/masks/sub-ADS1915//schaefer200-yeo17/LUT_schaefer200-yeo17.txt’: File exists
reading colortable from annotation file...
colortable with 102 entries read (originally /N/u/jfaskowi/Karst/scripts/multiAtlasTT/atlas_data//schaefer200-yeo17/lh.schaefer200-yeo17_colortab.txt)
reading colortable from annotation file...
colortable with 102 entries read (originally /N/u/jfaskowi/Karst/scripts/multiAtlasTT/atlas_data//schaefer200-yeo17/rh.schaefer200-yeo17_colortab.txt)
