/projects/adapt_lab/shared/ADS/Scripts/sMRI/multiAtlasTT/src/maTT2_applyGCS.sh -d /projects/adapt_lab/shared/ADS/data/BIDS_data/derivatives/freesurfer/sub-ADS1915 -o /projects/adapt_lab/shared/ADS/data/BIDS_data/derivatives/freesurfer/masks/sub-ADS1915 -f 6p0
/gpfs/projects/adapt_lab/shared/ADS/data/BIDS_data/derivatives/freesurfer/masks/sub-ADS1915
using the atlasList exported to this script
/gpfs/projects/adapt_lab/shared/ADS/data/BIDS_data/derivatives/freesurfer/sub-ADS1915/ is here to stay
/gpfs/projects/adapt_lab/shared/ADS/data/BIDS_data/derivatives/freesurfer/masks/sub-ADS1915/tmpFsDir/sub-ADS1915 is too
‘/gpfs/projects/adapt_lab/shared/ADS/data/BIDS_data/derivatives/freesurfer/sub-ADS1915/surf/lh.sphere.reg’ -> ‘/gpfs/projects/adapt_lab/shared/ADS/data/BIDS_data/derivatives/freesurfer/masks/sub-ADS1915/tmpFsDir/sub-ADS1915/surf/lh.sphere.reg’
‘/gpfs/projects/adapt_lab/shared/ADS/data/BIDS_data/derivatives/freesurfer/sub-ADS1915/surf/rh.sphere.reg’ -> ‘/gpfs/projects/adapt_lab/shared/ADS/data/BIDS_data/derivatives/freesurfer/masks/sub-ADS1915/tmpFsDir/sub-ADS1915/surf/rh.sphere.reg’
‘/gpfs/projects/adapt_lab/shared/ADS/data/BIDS_data/derivatives/freesurfer/sub-ADS1915/surf/lh.white’ -> ‘/gpfs/projects/adapt_lab/shared/ADS/data/BIDS_data/derivatives/freesurfer/masks/sub-ADS1915/tmpFsDir/sub-ADS1915/surf/lh.white’
‘/gpfs/projects/adapt_lab/shared/ADS/data/BIDS_data/derivatives/freesurfer/sub-ADS1915/surf/rh.white’ -> ‘/gpfs/projects/adapt_lab/shared/ADS/data/BIDS_data/derivatives/freesurfer/masks/sub-ADS1915/tmpFsDir/sub-ADS1915/surf/rh.white’
‘/gpfs/projects/adapt_lab/shared/ADS/data/BIDS_data/derivatives/freesurfer/sub-ADS1915/surf/lh.pial’ -> ‘/gpfs/projects/adapt_lab/shared/ADS/data/BIDS_data/derivatives/freesurfer/masks/sub-ADS1915/tmpFsDir/sub-ADS1915/surf/lh.pial’
‘/gpfs/projects/adapt_lab/shared/ADS/data/BIDS_data/derivatives/freesurfer/sub-ADS1915/surf/rh.pial’ -> ‘/gpfs/projects/adapt_lab/shared/ADS/data/BIDS_data/derivatives/freesurfer/masks/sub-ADS1915/tmpFsDir/sub-ADS1915/surf/rh.pial’
‘/gpfs/projects/adapt_lab/shared/ADS/data/BIDS_data/derivatives/freesurfer/sub-ADS1915/surf/lh.smoothwm’ -> ‘/gpfs/projects/adapt_lab/shared/ADS/data/BIDS_data/derivatives/freesurfer/masks/sub-ADS1915/tmpFsDir/sub-ADS1915/surf/lh.smoothwm’
‘/gpfs/projects/adapt_lab/shared/ADS/data/BIDS_data/derivatives/freesurfer/sub-ADS1915/surf/rh.smoothwm’ -> ‘/gpfs/projects/adapt_lab/shared/ADS/data/BIDS_data/derivatives/freesurfer/masks/sub-ADS1915/tmpFsDir/sub-ADS1915/surf/rh.smoothwm’
‘/gpfs/projects/adapt_lab/shared/ADS/data/BIDS_data/derivatives/freesurfer/sub-ADS1915/surf/lh.sulc’ -> ‘/gpfs/projects/adapt_lab/shared/ADS/data/BIDS_data/derivatives/freesurfer/masks/sub-ADS1915/tmpFsDir/sub-ADS1915/surf/lh.sulc’
‘/gpfs/projects/adapt_lab/shared/ADS/data/BIDS_data/derivatives/freesurfer/sub-ADS1915/surf/rh.sulc’ -> ‘/gpfs/projects/adapt_lab/shared/ADS/data/BIDS_data/derivatives/freesurfer/masks/sub-ADS1915/tmpFsDir/sub-ADS1915/surf/rh.sulc’
‘/gpfs/projects/adapt_lab/shared/ADS/data/BIDS_data/derivatives/freesurfer/sub-ADS1915/surf/lh.thickness’ -> ‘/gpfs/projects/adapt_lab/shared/ADS/data/BIDS_data/derivatives/freesurfer/masks/sub-ADS1915/tmpFsDir/sub-ADS1915/surf/lh.thickness’
‘/gpfs/projects/adapt_lab/shared/ADS/data/BIDS_data/derivatives/freesurfer/sub-ADS1915/surf/rh.thickness’ -> ‘/gpfs/projects/adapt_lab/shared/ADS/data/BIDS_data/derivatives/freesurfer/masks/sub-ADS1915/tmpFsDir/sub-ADS1915/surf/rh.thickness’
‘/gpfs/projects/adapt_lab/shared/ADS/data/BIDS_data/derivatives/freesurfer/sub-ADS1915/label/lh.cortex.label’ -> ‘/gpfs/projects/adapt_lab/shared/ADS/data/BIDS_data/derivatives/freesurfer/masks/sub-ADS1915/tmpFsDir/sub-ADS1915/label/lh.cortex.label’
‘/gpfs/projects/adapt_lab/shared/ADS/data/BIDS_data/derivatives/freesurfer/sub-ADS1915/label/rh.cortex.label’ -> ‘/gpfs/projects/adapt_lab/shared/ADS/data/BIDS_data/derivatives/freesurfer/masks/sub-ADS1915/tmpFsDir/sub-ADS1915/label/rh.cortex.label’
‘/gpfs/projects/adapt_lab/shared/ADS/data/BIDS_data/derivatives/freesurfer/sub-ADS1915/mri/aseg.mgz’ -> ‘/gpfs/projects/adapt_lab/shared/ADS/data/BIDS_data/derivatives/freesurfer/masks/sub-ADS1915/tmpFsDir/sub-ADS1915/mri/aseg.mgz’
‘/gpfs/projects/adapt_lab/shared/ADS/data/BIDS_data/derivatives/freesurfer/sub-ADS1915/mri/ribbon.mgz’ -> ‘/gpfs/projects/adapt_lab/shared/ADS/data/BIDS_data/derivatives/freesurfer/masks/sub-ADS1915/tmpFsDir/sub-ADS1915/mri/ribbon.mgz’
‘/gpfs/projects/adapt_lab/shared/ADS/data/BIDS_data/derivatives/freesurfer/sub-ADS1915/mri/rawavg.mgz’ -> ‘/gpfs/projects/adapt_lab/shared/ADS/data/BIDS_data/derivatives/freesurfer/masks/sub-ADS1915/tmpFsDir/sub-ADS1915/mri/rawavg.mgz’
/projects/adapt_lab/shared/ADS/Scripts/sMRI/multiAtlasTT/atlas_data/
/packages/freesurfer/6.0.0/freesurfer/bin/mris_ca_label -l /gpfs/projects/adapt_lab/shared/ADS/data/BIDS_data/derivatives/freesurfer/masks/sub-ADS1915/tmpFsDir/sub-ADS1915/label/lh.cortex.label -aseg /gpfs/projects/adapt_lab/shared/ADS/data/BIDS_data/derivatives/freesurfer/masks/sub-ADS1915/tmpFsDir/sub-ADS1915/mri/aseg.mgz -seed 1234 sub-ADS1915 lh /gpfs/projects/adapt_lab/shared/ADS/data/BIDS_data/derivatives/freesurfer/masks/sub-ADS1915/tmpFsDir/sub-ADS1915/surf/lh.sphere.reg /projects/adapt_lab/shared/ADS/Scripts/sMRI/multiAtlasTT/atlas_data/gordon333/lh.gordon333_6p0.gcs /gpfs/projects/adapt_lab/shared/ADS/data/BIDS_data/derivatives/freesurfer/masks/sub-ADS1915/gordon333/lh.gordon333.annot
# Sat Jun 1 09:54:30 PDT 2019 - - /packages/freesurfer/6.0.0/freesurfer/bin/mris_ca_label -l /gpfs/projects/adapt_lab/shared/ADS/data/BIDS_data/derivatives/freesurfer/masks/sub-ADS1915/tmpFsDir/sub-ADS1915/label/lh.cortex.label -aseg /gpfs/projects/adapt_lab/shared/ADS/data/BIDS_data/derivatives/freesurfer/masks/sub-ADS1915/tmpFsDir/sub-ADS1915/mri/aseg.mgz -seed 1234 sub-ADS1915 lh /gpfs/projects/adapt_lab/shared/ADS/data/BIDS_data/derivatives/freesurfer/masks/sub-ADS1915/tmpFsDir/sub-ADS1915/surf/lh.sphere.reg /projects/adapt_lab/shared/ADS/Scripts/sMRI/multiAtlasTT/atlas_data/gordon333/lh.gordon333_6p0.gcs /gpfs/projects/adapt_lab/shared/ADS/data/BIDS_data/derivatives/freesurfer/masks/sub-ADS1915/gordon333/lh.gordon333.annot
/packages/freesurfer/6.0.0/freesurfer/bin/mris_ca_label -l /gpfs/projects/adapt_lab/shared/ADS/data/BIDS_data/derivatives/freesurfer/masks/sub-ADS1915/tmpFsDir/sub-ADS1915/label/lh.cortex.label -aseg /gpfs/projects/adapt_lab/shared/ADS/data/BIDS_data/derivatives/freesurfer/masks/sub-ADS1915/tmpFsDir/sub-ADS1915/mri/aseg.mgz -seed 1234 sub-ADS1915 lh /gpfs/projects/adapt_lab/shared/ADS/data/BIDS_data/derivatives/freesurfer/masks/sub-ADS1915/tmpFsDir/sub-ADS1915/surf/lh.sphere.reg /projects/adapt_lab/shared/ADS/Scripts/sMRI/multiAtlasTT/atlas_data/gordon333/lh.gordon333_6p0.gcs /gpfs/projects/adapt_lab/shared/ADS/data/BIDS_data/derivatives/freesurfer/masks/sub-ADS1915/gordon333/lh.gordon333.annot

using /gpfs/projects/adapt_lab/shared/ADS/data/BIDS_data/derivatives/freesurfer/masks/sub-ADS1915/tmpFsDir/sub-ADS1915/mri/aseg.mgz aseg volume to correct midline
$Id: mris_ca_label.c,v 1.37 2014/02/04 17:46:42 fischl Exp $
  $Id: mrisurf.c,v 1.781.2.6 2016/12/27 16:47:14 zkaufman Exp $
