========================
= Starting submissions =
========================
Sat Dec 22 10:13:39 PST 2018
Submitted batch job 2962616
========================
= Starting submissions =
========================
Sat Dec 22 10:13:39 PST 2018
Submitted batch job 2962617
Submitted batch job 2962618
Submitted batch job 2962619
Submitted batch job 2962622
Submitted batch job 2962624
Submitted batch job 2962625
Submitted batch job 2962628
Submitted batch job 2962630
Submitted batch job 2962631
Submitted batch job 2962635
Submitted batch job 2962636
Submitted batch job 2962639
Submitted batch job 2962641
Submitted batch job 2962643
Submitted batch job 2962646
Submitted batch job 2962648
Submitted batch job 2962651
Submitted batch job 2962653
Submitted batch job 2962659
Submitted batch job 2962663
Submitted batch job 2962666
Submitted batch job 2962669
Submitted batch job 2962672
Submitted batch job 2962675
Submitted batch job 2962682
Submitted batch job 2962692
Submitted batch job 2962695
Submitted batch job 2962718
Submitted batch job 2962719
Submitted batch job 2962730
Submitted batch job 2962731
Submitted batch job 2962741
Submitted batch job 2962743
Submitted batch job 2962762
Submitted batch job 2962783
Submitted batch job 2962792
Submitted batch job 2962794
Submitted batch job 2962798
Submitted batch job 2962802
Submitted batch job 2962806
Submitted batch job 2962809
Submitted batch job 2962813
Submitted batch job 2962815
Submitted batch job 2962818
Submitted batch job 2962822
Submitted batch job 2962825
Submitted batch job 2962833
Submitted batch job 2962837
Submitted batch job 2962841
Submitted batch job 2962843
Submitted batch job 2962846
Submitted batch job 2962849
Submitted batch job 2962851
Submitted batch job 2962859
Submitted batch job 2962861
Submitted batch job 2962865
Submitted batch job 2962868
Submitted batch job 2962869
Submitted batch job 2962873
Submitted batch job 2962874
Submitted batch job 2962878
Submitted batch job 2962879
Submitted batch job 2962882
Submitted batch job 2962883
Submitted batch job 2962886
Submitted batch job 2962894
Submitted batch job 2962960
Submitted batch job 2962962
Submitted batch job 2962965
Submitted batch job 2962966
Submitted batch job 2962969
Submitted batch job 2962970
Submitted batch job 2962976
Submitted batch job 2962977
Submitted batch job 2962981
Submitted batch job 2962982
Submitted batch job 2962985
Submitted batch job 2962989
Submitted batch job 2962992
Submitted batch job 2962994
Submitted batch job 2962998
Submitted batch job 2963000
Submitted batch job 2963001
Submitted batch job 2963004
Submitted batch job 2963005
Submitted batch job 2963009
Submitted batch job 2963010
Submitted batch job 2963013
Submitted batch job 2963015
Submitted batch job 2963017
Submitted batch job 2963018
Submitted batch job 2963022
Submitted batch job 2963024
Submitted batch job 2963026
Submitted batch job 2963028
Submitted batch job 2963029
Submitted batch job 2963033
Submitted batch job 2963035
Submitted batch job 2963038
Submitted batch job 2963039
Submitted batch job 2963040
Submitted batch job 2963043
Submitted batch job 2963045
Submitted batch job 2963051
Submitted batch job 2963053
Submitted batch job 2963054
Submitted batch job 2963057
Submitted batch job 2963059
Submitted batch job 2963060
Submitted batch job 2963062
Submitted batch job 2963064
Submitted batch job 2963065
Submitted batch job 2963066
Submitted batch job 2963069
Submitted batch job 2963070
Submitted batch job 2963071
Submitted batch job 2963072
Submitted batch job 2963073
Submitted batch job 2963074
Submitted batch job 2963076
Submitted batch job 2963079
Submitted batch job 2963082
Submitted batch job 2963089
Submitted batch job 2963092
Submitted batch job 2963097
Submitted batch job 2963101
Submitted batch job 2963103
========================
= Starting submissions =
========================
Thu May 30 16:23:06 PDT 2019
Submitted batch job 7555223
